Directory already exists: /home/hgf_hmgu/hgf_tfv0045/svn_ensembles/results
/var/spool/slurmd/job1423309/slurm_script: line 49: unexpected EOF while looking for matching `"'
/var/spool/slurmd/job1423309/slurm_script: line 51: syntax error: unexpected end of file

============================= JOB FEEDBACK =============================

Job ID: 1423309
Cluster: haic
User/Group: hgf_tfv0045/hgf_hmgu
Account: hgf_hmgu
State: FAILED (exit code 2)
Partition: normal
Nodes: 1
Cores per node: 2
Nodelist: haicn1704
CPU Utilized: 00:00:00
CPU Efficiency: 0.00% of 00:00:18 core-walltime
Job Wall-clock time: 00:00:09
Starttime: Fri Apr 12 19:29:37 2024
Endtime: Fri Apr 12 19:29:46 2024
Memory Utilized: 3.86 MB
Memory Efficiency: 0.06% of 6.45 GB
